<?xml version="1.0" encoding="UTF-8"?>
<!-- Generated by org.testng.reporters.JUnitReportReporter -->
<testsuite skipped="0" hostname="Divya-PC" name="com.actitime.tests.ValidLoginLogoutTest" tests="1" failures="0" timestamp="01 Feb 2020 08:09:05 GMT" time="44.380" errors="0">
  <testcase name="testValidLoginLogout" time="44.380" classname="com.actitime.tests.ValidLoginLogoutTest"/>
</testsuite> <!-- com.actitime.tests.ValidLoginLogoutTest -->
