<?xml version="1.0" encoding="UTF-8"?>
<!-- Generated by org.testng.reporters.JUnitReportReporter -->
<testsuite skipped="0" hostname="Divya-PC" name="com.actitime.tests.InvalidLoginTest" tests="1" failures="0" timestamp="01 Feb 2020 08:09:05 GMT" time="47.303" errors="0">
  <testcase name="testInvalidLogin" time="47.303" classname="com.actitime.tests.InvalidLoginTest"/>
</testsuite> <!-- com.actitime.tests.InvalidLoginTest -->
